mode: set
github.com/MikaelOttosson/Golang/GreaterCommons_golang/Exercises_Ninja_Level_13/02/02-code-finished/word/main.go:7.40,10.23 3 1
github.com/MikaelOttosson/Golang/GreaterCommons_golang/Exercises_Ninja_Level_13/02/02-code-finished/word/main.go:13.2,13.10 1 1
github.com/MikaelOttosson/Golang/GreaterCommons_golang/Exercises_Ninja_Level_13/02/02-code-finished/word/main.go:10.23,12.3 1 1
github.com/MikaelOttosson/Golang/GreaterCommons_golang/Exercises_Ninja_Level_13/02/02-code-finished/word/main.go:17.26,20.2 2 1
